<?xml version="1.0" encoding="UTF-8"?>
<!-- Generated by org.testng.reporters.JUnitReportReporter -->
<testsuite skipped="0" hostname="Shivansh-PC" name="testcases.ListnerUsage" tests="1" failures="0" timestamp="26 Jul 2022 03:05:02 GMT" time="0.018" errors="0">
  <testcase name="test" time="0.018" classname="testcases.ListnerUsage"/>
</testsuite> <!-- testcases.ListnerUsage -->
