<?xml version="1.0" encoding="UTF-8"?>
<!-- Generated by org.testng.reporters.JUnitReportReporter -->
<testsuite skipped="0" hostname="Shivansh-PC" name="testcases.HomToHandleFrames" tests="1" failures="0" timestamp="01 Aug 2022 02:28:14 GMT" time="11.876" errors="0">
  <testcase name="handleFrame" time="11.876" classname="testcases.HomToHandleFrames"/>
</testsuite> <!-- testcases.HomToHandleFrames -->
