<?xml version="1.0" encoding="UTF-8"?>
<!-- Generated by org.testng.reporters.JUnitReportReporter -->
<testsuite skipped="0" hostname="Shivansh-PC" name="testcases.HowToHandleDropDownNotCommingUnderSelect" tests="1" failures="0" timestamp="02 Aug 2022 02:38:21 GMT" time="12.441" errors="0">
  <testcase name="dropDown" time="12.441" classname="testcases.HowToHandleDropDownNotCommingUnderSelect"/>
</testsuite> <!-- testcases.HowToHandleDropDownNotCommingUnderSelect -->
