<?xml version="1.0" encoding="UTF-8"?>
<!-- Generated by org.testng.reporters.JUnitReportReporter -->
<testsuite skipped="0" hostname="Shivansh-PC" name="testcases.HowToReadExcel" tests="1" failures="0" timestamp="03 Aug 2022 02:26:19 GMT" time="0.536" errors="0">
  <testcase name="readExcel" time="0.536" classname="testcases.HowToReadExcel"/>
</testsuite> <!-- testcases.HowToReadExcel -->
