<?xml version="1.0" encoding="UTF-8"?>
<!-- Generated by org.testng.reporters.JUnitReportReporter -->
<testsuite skipped="0" hostname="Shivansh-PC" name="testcases.HowToHandleAlerts" tests="1" failures="0" timestamp="04 Aug 2022 02:42:35 GMT" time="18.373" errors="0">
  <testcase name="handleAlerts" time="18.373" classname="testcases.HowToHandleAlerts"/>
</testsuite> <!-- testcases.HowToHandleAlerts -->
