<?xml version="1.0" encoding="UTF-8"?>
<!-- Generated by org.testng.reporters.JUnitReportReporter -->
<testsuite skipped="0" hostname="Shivansh-PC" name="testcases.waitsInSelenium" tests="1" failures="0" timestamp="30 Jul 2022 13:48:05 GMT" time="16.244" errors="0">
  <testcase name="waitsInSeleniumWeb" time="16.244" classname="testcases.waitsInSelenium"/>
</testsuite> <!-- testcases.waitsInSelenium -->
