<?xml version="1.0" encoding="UTF-8"?>
<!-- Generated by org.testng.reporters.JUnitReportReporter -->
<testsuite skipped="0" hostname="Shivansh-PC" name="testcases.HomePageTestCases" tests="1" failures="0" timestamp="01 Aug 2022 02:52:46 GMT" time="3.617" errors="0">
  <testcase name="verifyFormFiledSelection" time="3.617" classname="testcases.HomePageTestCases"/>
</testsuite> <!-- testcases.HomePageTestCases -->
