<?xml version="1.0" encoding="UTF-8"?>
<!-- Generated by org.testng.reporters.JUnitReportReporter -->
<testsuite skipped="0" hostname="Shivansh-PC" name="testcases.TestCasesGroup" tests="4" failures="0" timestamp="26 Jul 2022 02:14:22 GMT" time="0.029" errors="0">
  <testcase name="test3" time="0.005" classname="testcases.TestCasesGroup"/>
  <testcase name="test4" time="0.003" classname="testcases.TestCasesGroup"/>
  <testcase name="test1" time="0.018" classname="testcases.TestCasesGroup"/>
  <testcase name="test2" time="0.003" classname="testcases.TestCasesGroup"/>
</testsuite> <!-- testcases.TestCasesGroup -->
