<?xml version="1.0" encoding="UTF-8"?>
<!-- Generated by org.testng.reporters.JUnitReportReporter -->
<testsuite skipped="0" hostname="Shivansh-PC" name="testcases.DataDriverByDataProvider" tests="2" failures="0" timestamp="26 Jul 2022 02:34:03 GMT" time="33.829" errors="0">
  <testcase name="verifyValidLogin" time="19.603" classname="testcases.DataDriverByDataProvider"/>
  <testcase name="verifyValidLogin" time="14.226" classname="testcases.DataDriverByDataProvider"/>
</testsuite> <!-- testcases.DataDriverByDataProvider -->
