<?xml version="1.0" encoding="UTF-8"?>
<!-- Generated by org.testng.reporters.JUnitReportReporter -->
<testsuite skipped="0" hostname="Shivansh-PC" name="testcases.LoginUsingPropertyFile" tests="1" failures="0" timestamp="03 Aug 2022 01:52:59 GMT" time="17.806" errors="0">
  <testcase name="validLogin" time="17.806" classname="testcases.LoginUsingPropertyFile"/>
</testsuite> <!-- testcases.LoginUsingPropertyFile -->
