<?xml version="1.0" encoding="UTF-8"?>
<!-- Generated by org.testng.reporters.JUnitReportReporter -->
<testsuite skipped="0" hostname="Shivansh-PC" name="testcases.HandalingMultipleElements" tests="1" failures="0" timestamp="30 Jul 2022 02:26:10 GMT" time="9.600" errors="0">
  <testcase name="handalingMultipleElements" time="9.600" classname="testcases.HandalingMultipleElements"/>
</testsuite> <!-- testcases.HandalingMultipleElements -->
