<?xml version="1.0" encoding="UTF-8"?>
<!-- Generated by org.testng.reporters.JUnitReportReporter -->
<testsuite skipped="0" hostname="Shivansh-PC" name="testcases.ParallelExcution" tests="6" failures="0" timestamp="04 Aug 2022 02:42:35 GMT" time="92.152" errors="0">
  <testcase name="test5" time="28.594" classname="testcases.ParallelExcution"/>
  <testcase name="test2" time="9.361" classname="testcases.ParallelExcution"/>
  <testcase name="test1" time="11.162" classname="testcases.ParallelExcution"/>
  <testcase name="test4" time="12.256" classname="testcases.ParallelExcution"/>
  <testcase name="test3" time="14.908" classname="testcases.ParallelExcution"/>
  <testcase name="test6" time="15.871" classname="testcases.ParallelExcution"/>
</testsuite> <!-- testcases.ParallelExcution -->
