<?xml version="1.0" encoding="UTF-8"?>
<!-- Generated by org.testng.reporters.JUnitReportReporter -->
<testsuite skipped="0" hostname="Shivansh-PC" name="testcases.TestngAnnotations" tests="2" failures="0" timestamp="26 Jul 2022 01:54:29 GMT" time="21.194" errors="0">
  <testcase name="anotations1" time="10.414" classname="testcases.TestngAnnotations"/>
  <testcase name="anotations2" time="10.780" classname="testcases.TestngAnnotations"/>
</testsuite> <!-- testcases.TestngAnnotations -->
