<?xml version="1.0" encoding="UTF-8"?>
<!-- Generated by org.testng.reporters.JUnitReportReporter -->
<testsuite skipped="0" hostname="Shivansh-PC" name="testcases.NavigationCommands" tests="1" failures="0" timestamp="01 Aug 2022 02:11:38 GMT" time="45.180" errors="0">
  <testcase name="nav" time="45.180" classname="testcases.NavigationCommands"/>
</testsuite> <!-- testcases.NavigationCommands -->
