<?xml version="1.0" encoding="UTF-8"?>
<!-- Generated by org.testng.reporters.JUnitReportReporter -->
<testsuite skipped="1" hostname="Shivansh-PC" name="testcases.SetPriority" tests="3" failures="0" timestamp="26 Jul 2022 02:42:59 GMT" time="0.011" errors="0">
  <testcase name="btest1" time="0.010" classname="testcases.SetPriority"/>
  <testcase name="ctest3" time="0.001" classname="testcases.SetPriority"/>
  <testcase name="atest2" classname="testcases.SetPriority">
    <skipped/>
  </testcase> <!-- atest2 -->
</testsuite> <!-- testcases.SetPriority -->
